# JRE version: OpenJDK Runtime Environment (8.0_242-b01) (build 1.8.0_242-release-1644-b01)
# Java VM: OpenJDK 64-Bit Server VM (25.242-b01 mixed mode windows-amd64 compressed oops)
Heap:
 PSYoungGen      total 556544K, used 556517K [0x00000000d5580000, 0x0000000100000000, 0x0000000100000000)
  eden space 455168K, 100% used [0x00000000d5580000,0x00000000f1200000,0x00000000f1200000)
  from space 101376K, 99% used [0x00000000f9d00000,0x00000000ffff9468,0x0000000100000000)
  to   space 121856K, 30% used [0x00000000f1200000,0x00000000f36518f8,0x00000000f8900000)
 ParOldGen       total 337408K, used 111990K [0x0000000080000000, 0x0000000094980000, 0x00000000d5580000)
  object space 337408K, 33% used [0x0000000080000000,0x0000000086d5d808,0x0000000094980000)
 Metaspace       used 121369K, capacity 126294K, committed 126744K, reserved 1159168K
  class space    used 15142K, capacity 16009K, committed 16176K, reserved 1048576K
GC Heap History (10 events):
Event: 21.752 GC heap after
Heap after GC invocations=20 (full 4):
 PSYoungGen      total 464896K, used 0K [0x00000000d5580000, 0x00000000f7700000, 0x0000000100000000)
  eden space 372736K, 0% used [0x00000000d5580000,0x00000000d5580000,0x00000000ec180000)
  from space 92160K, 0% used [0x00000000f1a80000,0x00000000f1a80000,0x00000000f7480000)
  to   space 91136K, 0% used [0x00000000ec180000,0x00000000ec180000,0x00000000f1a80000)
 ParOldGen       total 337408K, used 73884K [0x0000000080000000, 0x0000000094980000, 0x00000000d5580000)
  object space 337408K, 21% used [0x0000000080000000,0x0000000084827240,0x0000000094980000)
 Metaspace       used 93388K, capacity 97724K, committed 98600K, reserved 1134592K
  class space    used 12433K, capacity 13244K, committed 13488K, reserved 1048576K
}
Event: 841.196 GC heap before
{Heap before GC invocations=21 (full 4):
 PSYoungGen      total 464896K, used 372736K [0x00000000d5580000, 0x00000000f7700000, 0x0000000100000000)
  eden space 372736K, 100% used [0x00000000d5580000,0x00000000ec180000,0x00000000ec180000)
  from space 92160K, 0% used [0x00000000f1a80000,0x00000000f1a80000,0x00000000f7480000)
  to   space 91136K, 0% used [0x00000000ec180000,0x00000000ec180000,0x00000000f1a80000)
 ParOldGen       total 337408K, used 73884K [0x0000000080000000, 0x0000000094980000, 0x00000000d5580000)
  object space 337408K, 21% used [0x0000000080000000,0x0000000084827240,0x0000000094980000)
 Metaspace       used 105217K, capacity 109670K, committed 110232K, reserved 1144832K
  class space    used 13544K, capacity 14341K, committed 14512K, reserved 1048576K
Event: 841.232 GC heap after
Heap after GC invocations=21 (full 4):
 PSYoungGen      total 463872K, used 52536K [0x00000000d5580000, 0x00000000fbe80000, 0x0000000100000000)
  eden space 372736K, 0% used [0x00000000d5580000,0x00000000d5580000,0x00000000ec180000)
  from space 91136K, 57% used [0x00000000ec180000,0x00000000ef4ce018,0x00000000f1a80000)
  to   space 93184K, 0% used [0x00000000f6380000,0x00000000f6380000,0x00000000fbe80000)
 ParOldGen       total 337408K, used 73892K [0x0000000080000000, 0x0000000094980000, 0x00000000d5580000)
  object space 337408K, 21% used [0x0000000080000000,0x0000000084829240,0x0000000094980000)
 Metaspace       used 105217K, capacity 109670K, committed 110232K, reserved 1144832K
  class space    used 13544K, capacity 14341K, committed 14512K, reserved 1048576K
}
Event: 842.782 GC heap before
{Heap before GC invocations=22 (full 4):
 PSYoungGen      total 463872K, used 424931K [0x00000000d5580000, 0x00000000fbe80000, 0x0000000100000000)
  eden space 372736K, 99% used [0x00000000d5580000,0x00000000ec12af38,0x00000000ec180000)
  from space 91136K, 57% used [0x00000000ec180000,0x00000000ef4ce018,0x00000000f1a80000)
  to   space 93184K, 0% used [0x00000000f6380000,0x00000000f6380000,0x00000000fbe80000)
 ParOldGen       total 337408K, used 73892K [0x0000000080000000, 0x0000000094980000, 0x00000000d5580000)
  object space 337408K, 21% used [0x0000000080000000,0x0000000084829240,0x0000000094980000)
 Metaspace       used 105625K, capacity 110192K, committed 110872K, reserved 1144832K
  class space    used 13549K, capacity 14378K, committed 14640K, reserved 1048576K
Event: 842.854 GC heap after
Heap after GC invocations=22 (full 4):
 PSYoungGen      total 523776K, used 89142K [0x00000000d5580000, 0x00000000fe200000, 0x0000000100000000)
  eden space 430592K, 0% used [0x00000000d5580000,0x00000000d5580000,0x00000000efa00000)
  from space 93184K, 95% used [0x00000000f6380000,0x00000000fba8db50,0x00000000fbe80000)
  to   space 108032K, 0% used [0x00000000efa00000,0x00000000efa00000,0x00000000f6380000)
 ParOldGen       total 337408K, used 86522K [0x0000000080000000, 0x0000000094980000, 0x00000000d5580000)
  object space 337408K, 25% used [0x0000000080000000,0x000000008547eac0,0x0000000094980000)
 Metaspace       used 105625K, capacity 110192K, committed 110872K, reserved 1144832K
  class space    used 13549K, capacity 14378K, committed 14640K, reserved 1048576K
}
Event: 897.220 GC heap before
{Heap before GC invocations=23 (full 4):
 PSYoungGen      total 523776K, used 519734K [0x00000000d5580000, 0x00000000fe200000, 0x0000000100000000)
  eden space 430592K, 100% used [0x00000000d5580000,0x00000000efa00000,0x00000000efa00000)
  from space 93184K, 95% used [0x00000000f6380000,0x00000000fba8db50,0x00000000fbe80000)
  to   space 108032K, 0% used [0x00000000efa00000,0x00000000efa00000,0x00000000f6380000)
 ParOldGen       total 337408K, used 86522K [0x0000000080000000, 0x0000000094980000, 0x00000000d5580000)
  object space 337408K, 25% used [0x0000000080000000,0x000000008547eac0,0x0000000094980000)
 Metaspace       used 113362K, capacity 117992K, committed 118552K, reserved 1153024K
  class space    used 14340K, capacity 15182K, committed 15408K, reserved 1048576K
Event: 897.260 GC heap after
Heap after GC invocations=23 (full 4):
 PSYoungGen      total 538624K, used 36771K [0x00000000d5580000, 0x0000000100000000, 0x0000000100000000)
  eden space 430592K, 0% used [0x00000000d5580000,0x00000000d5580000,0x00000000efa00000)
  from space 108032K, 34% used [0x00000000efa00000,0x00000000f1de8cd0,0x00000000f6380000)
  to   space 101376K, 0% used [0x00000000f9d00000,0x00000000f9d00000,0x0000000100000000)
 ParOldGen       total 337408K, used 90807K [0x0000000080000000, 0x0000000094980000, 0x00000000d5580000)
  object space 337408K, 26% used [0x0000000080000000,0x00000000858adfb8,0x0000000094980000)
 Metaspace       used 113362K, capacity 117992K, committed 118552K, reserved 1153024K
  class space    used 14340K, capacity 15182K, committed 15408K, reserved 1048576K
}
Event: 899.049 GC heap before
{Heap before GC invocations=24 (full 4):
 PSYoungGen      total 538624K, used 467363K [0x00000000d5580000, 0x0000000100000000, 0x0000000100000000)
  eden space 430592K, 100% used [0x00000000d5580000,0x00000000efa00000,0x00000000efa00000)
  from space 108032K, 34% used [0x00000000efa00000,0x00000000f1de8cd0,0x00000000f6380000)
  to   space 101376K, 0% used [0x00000000f9d00000,0x00000000f9d00000,0x0000000100000000)
 ParOldGen       total 337408K, used 90807K [0x0000000080000000, 0x0000000094980000, 0x00000000d5580000)
  object space 337408K, 26% used [0x0000000080000000,0x00000000858adfb8,0x0000000094980000)
 Metaspace       used 113641K, capacity 118378K, committed 118808K, reserved 1153024K
  class space    used 14344K, capacity 15189K, committed 15408K, reserved 1048576K
Event: 899.120 GC heap after
Heap after GC invocations=24 (full 4):
 PSYoungGen      total 556544K, used 101349K [0x00000000d5580000, 0x0000000100000000, 0x0000000100000000)
  eden space 455168K, 0% used [0x00000000d5580000,0x00000000d5580000,0x00000000f1200000)
  from space 101376K, 99% used [0x00000000f9d00000,0x00000000ffff9468,0x0000000100000000)
  to   space 121856K, 0% used [0x00000000f1200000,0x00000000f1200000,0x00000000f8900000)
 ParOldGen       total 337408K, used 100024K [0x0000000080000000, 0x0000000094980000, 0x00000000d5580000)
  object space 337408K, 29% used [0x0000000080000000,0x00000000861ae3d8,0x0000000094980000)
 Metaspace       used 113641K, capacity 118378K, committed 118808K, reserved 1153024K
  class space    used 14344K, capacity 15189K, committed 15408K, reserved 1048576K
}
Event: 1194.645 GC heap before
{Heap before GC invocations=25 (full 4):
 PSYoungGen      total 556544K, used 556517K [0x00000000d5580000, 0x0000000100000000, 0x0000000100000000)
  eden space 455168K, 100% used [0x00000000d5580000,0x00000000f1200000,0x00000000f1200000)
  from space 101376K, 99% used [0x00000000f9d00000,0x00000000ffff9468,0x0000000100000000)
  to   space 121856K, 0% used [0x00000000f1200000,0x00000000f1200000,0x00000000f8900000)
 ParOldGen       total 337408K, used 100024K [0x0000000080000000, 0x0000000094980000, 0x00000000d5580000)
  object space 337408K, 29% used [0x0000000080000000,0x00000000861ae3d8,0x0000000094980000)
 Metaspace       used 121369K, capacity 126294K, committed 126744K, reserved 1159168K
  class space    used 15142K, capacity 16009K, committed 16176K, reserved 1048576K

