# JRE version: OpenJDK Runtime Environment (8.0_242-b01) (build 1.8.0_242-release-1644-b01)
# Java VM: OpenJDK 64-Bit Server VM (25.242-b01 mixed mode windows-amd64 compressed oops)
Heap:
 PSYoungGen      total 406528K, used 406509K [0x00000000d5580000, 0x00000000f3800000, 0x0000000100000000)
  eden space 373248K, 100% used [0x00000000d5580000,0x00000000ec200000,0x00000000ec200000)
  from space 33280K, 99% used [0x00000000ef280000,0x00000000f12fb5e8,0x00000000f1300000)
  to   space 49664K, 91% used [0x00000000ec200000,0x00000000eee867d0,0x00000000ef280000)
 ParOldGen       total 216064K, used 114158K [0x0000000080000000, 0x000000008d300000, 0x00000000d5580000)
  object space 216064K, 52% used [0x0000000080000000,0x0000000086f7b910,0x000000008d300000)
 Metaspace       used 89119K, capacity 93370K, committed 93464K, reserved 1130496K
  class space    used 11994K, capacity 12785K, committed 12848K, reserved 1048576K
GC Heap History (10 events):
Event: 5.315 GC heap after
Heap after GC invocations=9 (full 2):
 PSYoungGen      total 231424K, used 15356K [0x00000000d5580000, 0x00000000eb880000, 0x0000000100000000)
  eden space 216064K, 0% used [0x00000000d5580000,0x00000000d5580000,0x00000000e2880000)
  from space 15360K, 99% used [0x00000000e2880000,0x00000000e377f008,0x00000000e3780000)
  to   space 18944K, 0% used [0x00000000ea600000,0x00000000ea600000,0x00000000eb880000)
 ParOldGen       total 144384K, used 17652K [0x0000000080000000, 0x0000000088d00000, 0x00000000d5580000)
  object space 144384K, 12% used [0x0000000080000000,0x000000008113d078,0x0000000088d00000)
 Metaspace       used 46146K, capacity 47950K, committed 48296K, reserved 1091584K
  class space    used 6238K, capacity 6575K, committed 6576K, reserved 1048576K
}
Event: 6.488 GC heap before
{Heap before GC invocations=10 (full 2):
 PSYoungGen      total 231424K, used 141920K [0x00000000d5580000, 0x00000000eb880000, 0x0000000100000000)
  eden space 216064K, 58% used [0x00000000d5580000,0x00000000dd119328,0x00000000e2880000)
  from space 15360K, 99% used [0x00000000e2880000,0x00000000e377f008,0x00000000e3780000)
  to   space 18944K, 0% used [0x00000000ea600000,0x00000000ea600000,0x00000000eb880000)
 ParOldGen       total 144384K, used 17652K [0x0000000080000000, 0x0000000088d00000, 0x00000000d5580000)
  object space 144384K, 12% used [0x0000000080000000,0x000000008113d078,0x0000000088d00000)
 Metaspace       used 56781K, capacity 59046K, committed 59160K, reserved 1099776K
  class space    used 7765K, capacity 8232K, committed 8240K, reserved 1048576K
Event: 6.510 GC heap after
Heap after GC invocations=10 (full 2):
 PSYoungGen      total 338944K, used 18916K [0x00000000d5580000, 0x00000000ec180000, 0x0000000100000000)
  eden space 320000K, 0% used [0x00000000d5580000,0x00000000d5580000,0x00000000e8e00000)
  from space 18944K, 99% used [0x00000000ea600000,0x00000000eb879258,0x00000000eb880000)
  to   space 24576K, 0% used [0x00000000e8e00000,0x00000000e8e00000,0x00000000ea600000)
 ParOldGen       total 144384K, used 23861K [0x0000000080000000, 0x0000000088d00000, 0x00000000d5580000)
  object space 144384K, 16% used [0x0000000080000000,0x000000008174d718,0x0000000088d00000)
 Metaspace       used 56781K, capacity 59046K, committed 59160K, reserved 1099776K
  class space    used 7765K, capacity 8232K, committed 8240K, reserved 1048576K
}
Event: 6.510 GC heap before
{Heap before GC invocations=11 (full 3):
 PSYoungGen      total 338944K, used 18916K [0x00000000d5580000, 0x00000000ec180000, 0x0000000100000000)
  eden space 320000K, 0% used [0x00000000d5580000,0x00000000d5580000,0x00000000e8e00000)
  from space 18944K, 99% used [0x00000000ea600000,0x00000000eb879258,0x00000000eb880000)
  to   space 24576K, 0% used [0x00000000e8e00000,0x00000000e8e00000,0x00000000ea600000)
 ParOldGen       total 144384K, used 23861K [0x0000000080000000, 0x0000000088d00000, 0x00000000d5580000)
  object space 144384K, 16% used [0x0000000080000000,0x000000008174d718,0x0000000088d00000)
 Metaspace       used 56781K, capacity 59046K, committed 59160K, reserved 1099776K
  class space    used 7765K, capacity 8232K, committed 8240K, reserved 1048576K
Event: 6.653 GC heap after
Heap after GC invocations=11 (full 3):
 PSYoungGen      total 338944K, used 0K [0x00000000d5580000, 0x00000000ec180000, 0x0000000100000000)
  eden space 320000K, 0% used [0x00000000d5580000,0x00000000d5580000,0x00000000e8e00000)
  from space 18944K, 0% used [0x00000000ea600000,0x00000000ea600000,0x00000000eb880000)
  to   space 24576K, 0% used [0x00000000e8e00000,0x00000000e8e00000,0x00000000ea600000)
 ParOldGen       total 216064K, used 37021K [0x0000000080000000, 0x000000008d300000, 0x00000000d5580000)
  object space 216064K, 17% used [0x0000000080000000,0x00000000824277b8,0x000000008d300000)
 Metaspace       used 56770K, capacity 59010K, committed 59160K, reserved 1099776K
  class space    used 7762K, capacity 8226K, committed 8240K, reserved 1048576K
}
Event: 9.658 GC heap before
{Heap before GC invocations=12 (full 3):
 PSYoungGen      total 338944K, used 320000K [0x00000000d5580000, 0x00000000ec180000, 0x0000000100000000)
  eden space 320000K, 100% used [0x00000000d5580000,0x00000000e8e00000,0x00000000e8e00000)
  from space 18944K, 0% used [0x00000000ea600000,0x00000000ea600000,0x00000000eb880000)
  to   space 24576K, 0% used [0x00000000e8e00000,0x00000000e8e00000,0x00000000ea600000)
 ParOldGen       total 216064K, used 37021K [0x0000000080000000, 0x000000008d300000, 0x00000000d5580000)
  object space 216064K, 17% used [0x0000000080000000,0x00000000824277b8,0x000000008d300000)
 Metaspace       used 74122K, capacity 77276K, committed 77336K, reserved 1116160K
  class space    used 9923K, capacity 10544K, committed 10544K, reserved 1048576K
Event: 9.685 GC heap after
Heap after GC invocations=12 (full 3):
 PSYoungGen      total 344576K, used 24566K [0x00000000d5580000, 0x00000000f1300000, 0x0000000100000000)
  eden space 320000K, 0% used [0x00000000d5580000,0x00000000d5580000,0x00000000e8e00000)
  from space 24576K, 99% used [0x00000000e8e00000,0x00000000ea5fd9e0,0x00000000ea600000)
  to   space 33280K, 0% used [0x00000000ef280000,0x00000000ef280000,0x00000000f1300000)
 ParOldGen       total 216064K, used 49365K [0x0000000080000000, 0x000000008d300000, 0x00000000d5580000)
  object space 216064K, 22% used [0x0000000080000000,0x0000000083035438,0x000000008d300000)
 Metaspace       used 74122K, capacity 77276K, committed 77336K, reserved 1116160K
  class space    used 9923K, capacity 10544K, committed 10544K, reserved 1048576K
}
Event: 11.817 GC heap before
{Heap before GC invocations=13 (full 3):
 PSYoungGen      total 344576K, used 344566K [0x00000000d5580000, 0x00000000f1300000, 0x0000000100000000)
  eden space 320000K, 100% used [0x00000000d5580000,0x00000000e8e00000,0x00000000e8e00000)
  from space 24576K, 99% used [0x00000000e8e00000,0x00000000ea5fd9e0,0x00000000ea600000)
  to   space 33280K, 0% used [0x00000000ef280000,0x00000000ef280000,0x00000000f1300000)
 ParOldGen       total 216064K, used 49365K [0x0000000080000000, 0x000000008d300000, 0x00000000d5580000)
  object space 216064K, 22% used [0x0000000080000000,0x0000000083035438,0x000000008d300000)
 Metaspace       used 79729K, capacity 83008K, committed 83096K, reserved 1122304K
  class space    used 10496K, capacity 11102K, committed 11184K, reserved 1048576K
Event: 11.875 GC heap after
Heap after GC invocations=13 (full 3):
 PSYoungGen      total 406528K, used 33261K [0x00000000d5580000, 0x00000000f3800000, 0x0000000100000000)
  eden space 373248K, 0% used [0x00000000d5580000,0x00000000d5580000,0x00000000ec200000)
  from space 33280K, 99% used [0x00000000ef280000,0x00000000f12fb5e8,0x00000000f1300000)
  to   space 49664K, 0% used [0x00000000ec200000,0x00000000ec200000,0x00000000ef280000)
 ParOldGen       total 216064K, used 81355K [0x0000000080000000, 0x000000008d300000, 0x00000000d5580000)
  object space 216064K, 37% used [0x0000000080000000,0x0000000084f72f70,0x000000008d300000)
 Metaspace       used 79729K, capacity 83008K, committed 83096K, reserved 1122304K
  class space    used 10496K, capacity 11102K, committed 11184K, reserved 1048576K
}
Event: 13.804 GC heap before
{Heap before GC invocations=14 (full 3):
 PSYoungGen      total 406528K, used 406509K [0x00000000d5580000, 0x00000000f3800000, 0x0000000100000000)
  eden space 373248K, 100% used [0x00000000d5580000,0x00000000ec200000,0x00000000ec200000)
  from space 33280K, 99% used [0x00000000ef280000,0x00000000f12fb5e8,0x00000000f1300000)
  to   space 49664K, 0% used [0x00000000ec200000,0x00000000ec200000,0x00000000ef280000)
 ParOldGen       total 216064K, used 81355K [0x0000000080000000, 0x000000008d300000, 0x00000000d5580000)
  object space 216064K, 37% used [0x0000000080000000,0x0000000084f72f70,0x000000008d300000)
 Metaspace       used 89119K, capacity 93370K, committed 93464K, reserved 1130496K
  class space    used 11994K, capacity 12785K, committed 12848K, reserved 1048576K

